-
-
-
-
-
-
-
-
-
-
-
-
-
-
-
-
-
-
-
-DATE: 02/15/2021                                        STUDENT GRADE REPORT                                                PAGE:  1
   ID                                      ASSIGNMENT                                        PERCENTAGE
00010001                                    CHEMISTRY                                          .00
00010001                                    PHYSICS                                            .10
01112333                                    CHEMISTRY                                         1.00
01112333                                    PHYSICS                                           1.00
02345678                                    PHYSICS                                            .25
00000001                                    ALGEBRA                                            .99
00000001                                    GEOMETRY                                           .99
00123456                                    GEOMETRY                                           .45
01234567                                    GEOMETRY                                           .20
01234567                                    REG EX                                             .20
00012345                                    C.P. 1                                             .00
00012345                                    C.P. 2                                             .40
00123456                                    C.P. 2                                             .90
00123456                                    C.P. 1                                             .50
01123456                                    C.P. 3                                             .86
00000001                                    PROJECT 10                                         .84
00010001                                    PROJECT 11                                         .55
01112333                                    PROJECT 10                                         .93
01234567                                    PROJECT 10                                        1.00
02345678                                    PROJECT 10                                         .22