-
-
-
-
-
-
-
-
-
-
-
-
-
-
-
-
-
-
-
-DATE: 01/11/2021                                          HUNTING LICENSES                                                  PAGE:  1
                                                        LUCAS'S DETAIL REPORT

        CUSTOMER ID      BIRTHDAY      SAFTEY NO.               LICENSE TYPE               SEASON     CUSTOMER TYPE       FEES

         123456789      05/12/1990     1234567890    DEER                                     1       RESIDENT            $150.23
         234567890      09/09/1999     2345678901    DEER                                     9       NON-RESIDENT        $999.99
         345678901      12/12/2000     3456789012    DEER                                     2       RESIDENT             $49.50
         456789012      04/04/2001     4567890123    DEER                                     5       RESIDENT              $0.00
         567890123      11/11/1977     5678901234    DEER                                     6       RESIDENT             $55.55
         678901234      02/02/1944                   DEER                                     8       RESIDENT            $444.44
         789012345      02/02/1944                   DEER                                     4       RESIDENT            $444.44
         890123456      02/02/1944                   DEER                                     0       RESIDENT            $444.44
         901234567      02/04/2014                   DEER                                     1       RESIDENT            $444.44
         012345678      12/05/1920     0123456789    ZXCVBNMASDFGHJKLQWERTYUIOP12345678       2       NON-RESIDENT          $5.05
         000000000      02/28/1950                   ZXCVBNMASDFGHJKLQWERTYUIOP12345678       3       NON-RESIDENT        $405.56
         777777777      10/31/1931                   ZXCVBNMASDFGHJKLQWERTYUIOP12345678       1       RESIDENT              $0.11
         888888888      11/07/1904                   ZXCVBNMASDFGHJKLQWERTYUIOP12345678       9       NON-RESIDENT         $10.01
         999999999      01/09/1944                   ZXCVBNMASDFGHJKLQWERTYUIOP12345678       2       NON-RESIDENT         $54.32
         111111111      12/01/2002                   SNAKE                                    3       NON-RESIDENT        $125.34
         222222222      04/14/2003                   SNAKE                                    1       NON-RESIDENT        $412.00
         333333333      04/24/2004                   SNAKE                                    2       NON-RESIDENT        $543.21
         444444444      07/29/1984                   SNAKE                                    8       RESIDENT             $21.00
         555555555      05/31/1994                   SNAKE                                    5       RESIDENT              $7.25
         666666666      06/12/1964                   SNAKE                                    3       RESIDENT             $44.04


         GRAND TOTALS:

         LICENSES SOLD: 20    TOTAL SALES:  $4,660.92
-
-
-
-
-
-
-
-
-
-
 DATE: 01/11/2021                                          HUNTING LICENSES                                                  PAGE:  1
                                                        LUCAS'S SUMMARY REPORT

               LICENSE TYPE                 RESIDENT PURCHASES      NON-RESIDENT PURCHASES      LICENSES SOLD          TOTAL SALES

    DEER                                             8                         1                      9                  $3,033.03

    ZXCVBNMASDFGHJKLQWERTYUIOP12345678               1                         4                      5                    $475.05

    SNAKE                                            3                         3                      6                  $1,152.84


    GRAND TOTALS:                          SOLD:    12               SOLD:     8            SOLD:    20       SALES:     $4,660.92
